This is pdfTeX, Version 3.141592653-2.6-1.40.25 (MiKTeX 24.1) (preloaded format=pdflatex 2024.12.16)  16 DEC 2024 17:32
entering extended mode
 \write18 enabled.
 %&-line parsing enabled.
**./stochastic_math_modeling.tex
(stochastic_math_modeling.tex
LaTeX2e <2023-11-01> patch level 1
L3 programming layer <2024-01-04>
(C:\MikTeX\tex/latex/base\report.cls
Document Class: report 2023/05/17 v1.4n Standard LaTeX document class
(C:\MikTeX\tex/latex/base\size11.clo
File: size11.clo 2023/05/17 v1.4n Standard LaTeX file (size option)
)
\c@part=\count187
\c@chapter=\count188
\c@section=\count189
\c@subsection=\count190
\c@subsubsection=\count191
\c@paragraph=\count192
\c@subparagraph=\count193
\c@figure=\count194
\c@table=\count195
\abovecaptionskip=\skip48
\belowcaptionskip=\skip49
\bibindent=\dimen140
) (C:\MikTeX\tex/latex/a4wide\a4wide.sty
Package: a4wide 1994/08/30

(C:\MikTeX\tex/latex/ntgclass\a4.sty
Package: a4 2023/01/10 v1.2g A4 based page layout
)) (C:\MikTeX\tex/latex/base\fontenc.sty
Package: fontenc 2021/04/29 v2.0v Standard LaTeX package

(C:\MikTeX\tex/latex/cyrillic\t2aenc.def
File: t2aenc.def 2023/11/07 v1.0k Cyrillic encoding definition file
Now handling font encoding T2A ...
... processing UTF-8 mapping file for font encoding T2A
 (C:\MikTeX\tex/latex/base\t2aenc.dfu
File: t2aenc.dfu 2022/06/07 v1.3c UTF-8 support
   defining Unicode char U+00A4 (decimal 164)
   defining Unicode char U+00A7 (decimal 167)
   defining Unicode char U+00AB (decimal 171)
   defining Unicode char U+00BB (decimal 187)
   defining Unicode char U+0131 (decimal 305)
   defining Unicode char U+0237 (decimal 567)
   defining Unicode char U+0400 (decimal 1024)
   defining Unicode char U+0401 (decimal 1025)
   defining Unicode char U+0402 (decimal 1026)
   defining Unicode char U+0403 (decimal 1027)
   defining Unicode char U+0404 (decimal 1028)
   defining Unicode char U+0405 (decimal 1029)
   defining Unicode char U+0406 (decimal 1030)
   defining Unicode char U+0407 (decimal 1031)
   defining Unicode char U+0408 (decimal 1032)
   defining Unicode char U+0409 (decimal 1033)
   defining Unicode char U+040A (decimal 1034)
   defining Unicode char U+040B (decimal 1035)
   defining Unicode char U+040C (decimal 1036)
   defining Unicode char U+040D (decimal 1037)
   defining Unicode char U+040E (decimal 1038)
   defining Unicode char U+040F (decimal 1039)
   defining Unicode char U+0410 (decimal 1040)
   defining Unicode char U+0411 (decimal 1041)
   defining Unicode char U+0412 (decimal 1042)
   defining Unicode char U+0413 (decimal 1043)
   defining Unicode char U+0414 (decimal 1044)
   defining Unicode char U+0415 (decimal 1045)
   defining Unicode char U+0416 (decimal 1046)
   defining Unicode char U+0417 (decimal 1047)
   defining Unicode char U+0418 (decimal 1048)
   defining Unicode char U+0419 (decimal 1049)
   defining Unicode char U+041A (decimal 1050)
   defining Unicode char U+041B (decimal 1051)
   defining Unicode char U+041C (decimal 1052)
   defining Unicode char U+041D (decimal 1053)
   defining Unicode char U+041E (decimal 1054)
   defining Unicode char U+041F (decimal 1055)
   defining Unicode char U+0420 (decimal 1056)
   defining Unicode char U+0421 (decimal 1057)
   defining Unicode char U+0422 (decimal 1058)
   defining Unicode char U+0423 (decimal 1059)
   defining Unicode char U+0424 (decimal 1060)
   defining Unicode char U+0425 (decimal 1061)
   defining Unicode char U+0426 (decimal 1062)
   defining Unicode char U+0427 (decimal 1063)
   defining Unicode char U+0428 (decimal 1064)
   defining Unicode char U+0429 (decimal 1065)
   defining Unicode char U+042A (decimal 1066)
   defining Unicode char U+042B (decimal 1067)
   defining Unicode char U+042C (decimal 1068)
   defining Unicode char U+042D (decimal 1069)
   defining Unicode char U+042E (decimal 1070)
   defining Unicode char U+042F (decimal 1071)
   defining Unicode char U+0430 (decimal 1072)
   defining Unicode char U+0431 (decimal 1073)
   defining Unicode char U+0432 (decimal 1074)
   defining Unicode char U+0433 (decimal 1075)
   defining Unicode char U+0434 (decimal 1076)
   defining Unicode char U+0435 (decimal 1077)
   defining Unicode char U+0436 (decimal 1078)
   defining Unicode char U+0437 (decimal 1079)
   defining Unicode char U+0438 (decimal 1080)
   defining Unicode char U+0439 (decimal 1081)
   defining Unicode char U+043A (decimal 1082)
   defining Unicode char U+043B (decimal 1083)
   defining Unicode char U+043C (decimal 1084)
   defining Unicode char U+043D (decimal 1085)
   defining Unicode char U+043E (decimal 1086)
   defining Unicode char U+043F (decimal 1087)
   defining Unicode char U+0440 (decimal 1088)
   defining Unicode char U+0441 (decimal 1089)
   defining Unicode char U+0442 (decimal 1090)
   defining Unicode char U+0443 (decimal 1091)
   defining Unicode char U+0444 (decimal 1092)
   defining Unicode char U+0445 (decimal 1093)
   defining Unicode char U+0446 (decimal 1094)
   defining Unicode char U+0447 (decimal 1095)
   defining Unicode char U+0448 (decimal 1096)
   defining Unicode char U+0449 (decimal 1097)
   defining Unicode char U+044A (decimal 1098)
   defining Unicode char U+044B (decimal 1099)
   defining Unicode char U+044C (decimal 1100)
   defining Unicode char U+044D (decimal 1101)
   defining Unicode char U+044E (decimal 1102)
   defining Unicode char U+044F (decimal 1103)
   defining Unicode char U+0450 (decimal 1104)
   defining Unicode char U+0451 (decimal 1105)
   defining Unicode char U+0452 (decimal 1106)
   defining Unicode char U+0453 (decimal 1107)
   defining Unicode char U+0454 (decimal 1108)
   defining Unicode char U+0455 (decimal 1109)
   defining Unicode char U+0456 (decimal 1110)
   defining Unicode char U+0457 (decimal 1111)
   defining Unicode char U+0458 (decimal 1112)
   defining Unicode char U+0459 (decimal 1113)
   defining Unicode char U+045A (decimal 1114)
   defining Unicode char U+045B (decimal 1115)
   defining Unicode char U+045C (decimal 1116)
   defining Unicode char U+045D (decimal 1117)
   defining Unicode char U+045E (decimal 1118)
   defining Unicode char U+045F (decimal 1119)
   defining Unicode char U+0490 (decimal 1168)
   defining Unicode char U+0491 (decimal 1169)
   defining Unicode char U+0492 (decimal 1170)
   defining Unicode char U+0493 (decimal 1171)
   defining Unicode char U+0496 (decimal 1174)
   defining Unicode char U+0497 (decimal 1175)
   defining Unicode char U+0498 (decimal 1176)
   defining Unicode char U+0499 (decimal 1177)
   defining Unicode char U+049A (decimal 1178)
   defining Unicode char U+049B (decimal 1179)
   defining Unicode char U+049C (decimal 1180)
   defining Unicode char U+049D (decimal 1181)
   defining Unicode char U+04A0 (decimal 1184)
   defining Unicode char U+04A1 (decimal 1185)
   defining Unicode char U+04A2 (decimal 1186)
   defining Unicode char U+04A3 (decimal 1187)
   defining Unicode char U+04A4 (decimal 1188)
   defining Unicode char U+04A5 (decimal 1189)
   defining Unicode char U+04AA (decimal 1194)
   defining Unicode char U+04AB (decimal 1195)
   defining Unicode char U+04AE (decimal 1198)
   defining Unicode char U+04AF (decimal 1199)
   defining Unicode char U+04B0 (decimal 1200)
   defining Unicode char U+04B1 (decimal 1201)
   defining Unicode char U+04B2 (decimal 1202)
   defining Unicode char U+04B3 (decimal 1203)
   defining Unicode char U+04B6 (decimal 1206)
   defining Unicode char U+04B7 (decimal 1207)
   defining Unicode char U+04B8 (decimal 1208)
   defining Unicode char U+04B9 (decimal 1209)
   defining Unicode char U+04BA (decimal 1210)
   defining Unicode char U+04BB (decimal 1211)
   defining Unicode char U+04C0 (decimal 1216)
   defining Unicode char U+04C1 (decimal 1217)
   defining Unicode char U+04C2 (decimal 1218)
   defining Unicode char U+04D0 (decimal 1232)
   defining Unicode char U+04D1 (decimal 1233)
   defining Unicode char U+04D2 (decimal 1234)
   defining Unicode char U+04D3 (decimal 1235)
   defining Unicode char U+04D4 (decimal 1236)
   defining Unicode char U+04D5 (decimal 1237)
   defining Unicode char U+04D6 (decimal 1238)
   defining Unicode char U+04D7 (decimal 1239)
   defining Unicode char U+04D8 (decimal 1240)
   defining Unicode char U+04D9 (decimal 1241)
   defining Unicode char U+04DA (decimal 1242)
   defining Unicode char U+04DB (decimal 1243)
   defining Unicode char U+04DC (decimal 1244)
   defining Unicode char U+04DD (decimal 1245)
   defining Unicode char U+04DE (decimal 1246)
   defining Unicode char U+04DF (decimal 1247)
   defining Unicode char U+04E2 (decimal 1250)
   defining Unicode char U+04E3 (decimal 1251)
   defining Unicode char U+04E4 (decimal 1252)
   defining Unicode char U+04E5 (decimal 1253)
   defining Unicode char U+04E6 (decimal 1254)
   defining Unicode char U+04E7 (decimal 1255)
   defining Unicode char U+04E8 (decimal 1256)
   defining Unicode char U+04E9 (decimal 1257)
   defining Unicode char U+04EC (decimal 1260)
   defining Unicode char U+04ED (decimal 1261)
   defining Unicode char U+04EE (decimal 1262)
   defining Unicode char U+04EF (decimal 1263)
   defining Unicode char U+04F0 (decimal 1264)
   defining Unicode char U+04F1 (decimal 1265)
   defining Unicode char U+04F2 (decimal 1266)
   defining Unicode char U+04F3 (decimal 1267)
   defining Unicode char U+04F4 (decimal 1268)
   defining Unicode char U+04F5 (decimal 1269)
   defining Unicode char U+04F8 (decimal 1272)
   defining Unicode char U+04F9 (decimal 1273)
   defining Unicode char U+200C (decimal 8204)
   defining Unicode char U+2013 (decimal 8211)
   defining Unicode char U+2014 (decimal 8212)
   defining Unicode char U+2018 (decimal 8216)
   defining Unicode char U+2019 (decimal 8217)
   defining Unicode char U+201C (decimal 8220)
   defining Unicode char U+201D (decimal 8221)
   defining Unicode char U+201E (decimal 8222)
   defining Unicode char U+2030 (decimal 8240)
   defining Unicode char U+2031 (decimal 8241)
   defining Unicode char U+2116 (decimal 8470)
   defining Unicode char U+2329 (decimal 9001)
   defining Unicode char U+3008 (decimal 12296)
   defining Unicode char U+232A (decimal 9002)
   defining Unicode char U+3009 (decimal 12297)
   defining Unicode char U+2423 (decimal 9251)
   defining Unicode char U+27E8 (decimal 10216)
   defining Unicode char U+27E9 (decimal 10217)
   defining Unicode char U+FB00 (decimal 64256)
   defining Unicode char U+FB01 (decimal 64257)
   defining Unicode char U+FB02 (decimal 64258)
   defining Unicode char U+FB03 (decimal 64259)
   defining Unicode char U+FB04 (decimal 64260)
   defining Unicode char U+FB05 (decimal 64261)
   defining Unicode char U+FB06 (decimal 64262)
))
LaTeX Font Info:    Trying to load font information for T2A+cmr on input line 1
12.
(C:\MikTeX\tex/latex/cyrillic\t2acmr.fd
File: t2acmr.fd 2001/08/11 v1.0a Computer Modern Cyrillic font definitions
))
(C:\MikTeX\tex/latex/base\inputenc.sty
Package: inputenc 2021/02/14 v1.3d Input encoding file
\inpenc@prehook=\toks17
\inpenc@posthook=\toks18
) (C:\MikTeX\tex/generic/babel\babel.sty
Package: babel 2024/01/07 v24.1 The Babel package
\babel@savecnt=\count196
\U@D=\dimen141
\l@unhyphenated=\language79

(C:\MikTeX\tex/generic/babel\txtbabel.def)
\bbl@readstream=\read2
\bbl@dirlevel=\count197

*************************************
* Local config file bblopts.cfg used
*
(C:\MikTeX\tex/latex/arabi\bblopts.cfg
File: bblopts.cfg 2005/09/08 v0.1 add Arabic and Farsi to "declared" options of
 babel
)
Package babel Info: Main language set with 'main='. Except if you have
(babel)             problems, prefer the default mechanism for setting
(babel)             the main language, ie, as the last declared.
(babel)             Reported on input line 4250.

(C:\MikTeX\tex/latex/babel-english\english.ldf
Language: english 2017/06/06 v3.3r English support from the babel system
Package babel Info: Hyphen rules for 'canadian' set to \l@english
(babel)             (\language0). Reported on input line 102.
Package babel Info: Hyphen rules for 'australian' set to \l@ukenglish
(babel)             (\language73). Reported on input line 105.
Package babel Info: Hyphen rules for 'newzealand' set to \l@ukenglish
(babel)             (\language73). Reported on input line 108.
)
(C:\MikTeX\tex/latex/babel-russian\russianb.ldf
File: russianb.ldf 2021/01/10 1.3m Russian support for the Babel system
Language: russian 2020/09/09 1.3k Russian support for the Babel system
Package babel Info: Making " an active character on input line 124.
Package babel Info: Default for \cyrdash is provided on input line 163.
))
(C:\MikTeX\tex/generic/babel/locale/ru\babel-russian.tex
Package babel Info: Importing font and identification data for russian
(babel)             from babel-ru.ini. Reported on input line 11.
)
(C:\MikTeX\tex/generic/babel/locale/en\babel-english.tex
Package babel Info: Importing font and identification data for english
(babel)             from babel-en.ini. Reported on input line 11.
)
(C:\MikTeX\tex/latex/graphics\graphicx.sty
Package: graphicx 2021/09/16 v1.2d Enhanced LaTeX Graphics (DPC,SPQR)

(C:\MikTeX\tex/latex/graphics\keyval.sty
Package: keyval 2022/05/29 v1.15 key=value parser (DPC)
\KV@toks@=\toks19
)
(C:\MikTeX\tex/latex/graphics\graphics.sty
Package: graphics 2022/03/10 v1.4e Standard LaTeX Graphics (DPC,SPQR)

(C:\MikTeX\tex/latex/graphics\trig.sty
Package: trig 2021/08/11 v1.11 sin cos tan (DPC)
)
(C:\MikTeX\tex/latex/graphics-cfg\graphics.cfg
File: graphics.cfg 2016/06/04 v1.11 sample graphics configuration
)
Package graphics Info: Driver file: pdftex.def on input line 107.

(C:\MikTeX\tex/latex/graphics-def\pdftex.def
File: pdftex.def 2022/09/22 v1.2b Graphics/color driver for pdftex
))
\Gin@req@height=\dimen142
\Gin@req@width=\dimen143
)
(C:\MikTeX\tex/latex/amsmath\amsmath.sty
Package: amsmath 2023/05/13 v2.17o AMS math features
\@mathmargin=\skip50

For additional information on amsmath, use the `?' option.
(C:\MikTeX\tex/latex/amsmath\amstext.sty
Package: amstext 2021/08/26 v2.01 AMS text

(C:\MikTeX\tex/latex/amsmath\amsgen.sty
File: amsgen.sty 1999/11/30 v2.0 generic functions
\@emptytoks=\toks20
\ex@=\dimen144
))
(C:\MikTeX\tex/latex/amsmath\amsbsy.sty
Package: amsbsy 1999/11/29 v1.2d Bold Symbols
\pmbraise@=\dimen145
)
(C:\MikTeX\tex/latex/amsmath\amsopn.sty
Package: amsopn 2022/04/08 v2.04 operator names
)
\inf@bad=\count198
LaTeX Info: Redefining \frac on input line 234.
\uproot@=\count199
\leftroot@=\count266
LaTeX Info: Redefining \overline on input line 399.
LaTeX Info: Redefining \colon on input line 410.
\classnum@=\count267
\DOTSCASE@=\count268
LaTeX Info: Redefining \ldots on input line 496.
LaTeX Info: Redefining \dots on input line 499.
LaTeX Info: Redefining \cdots on input line 620.
\Mathstrutbox@=\box51
\strutbox@=\box52
LaTeX Info: Redefining \big on input line 722.
LaTeX Info: Redefining \Big on input line 723.
LaTeX Info: Redefining \bigg on input line 724.
LaTeX Info: Redefining \Bigg on input line 725.
\big@size=\dimen146
LaTeX Font Info:    Redeclaring font encoding OML on input line 743.
LaTeX Font Info:    Redeclaring font encoding OMS on input line 744.
\macc@depth=\count269
LaTeX Info: Redefining \bmod on input line 905.
LaTeX Info: Redefining \pmod on input line 910.
LaTeX Info: Redefining \smash on input line 940.
LaTeX Info: Redefining \relbar on input line 970.
LaTeX Info: Redefining \Relbar on input line 971.
\c@MaxMatrixCols=\count270
\dotsspace@=\muskip16
\c@parentequation=\count271
\dspbrk@lvl=\count272
\tag@help=\toks21
\row@=\count273
\column@=\count274
\maxfields@=\count275
\andhelp@=\toks22
\eqnshift@=\dimen147
\alignsep@=\dimen148
\tagshift@=\dimen149
\tagwidth@=\dimen150
\totwidth@=\dimen151
\lineht@=\dimen152
\@envbody=\toks23
\multlinegap=\skip51
\multlinetaggap=\skip52
\mathdisplay@stack=\toks24
LaTeX Info: Redefining \[ on input line 2953.
LaTeX Info: Redefining \] on input line 2954.
)
(C:\MikTeX\tex/latex/amscls\amsthm.sty
Package: amsthm 2020/05/29 v2.20.6
\thm@style=\toks25
\thm@bodyfont=\toks26
\thm@headfont=\toks27
\thm@notefont=\toks28
\thm@headpunct=\toks29
\thm@preskip=\skip53
\thm@postskip=\skip54
\thm@headsep=\skip55
\dth@everypar=\toks30
)
(C:\MikTeX\tex/latex/amsfonts\amssymb.sty
Package: amssymb 2013/01/14 v3.01 AMS font symbols

(C:\MikTeX\tex/latex/amsfonts\amsfonts.sty
Package: amsfonts 2013/01/14 v3.01 Basic AMSFonts support
\symAMSa=\mathgroup4
\symAMSb=\mathgroup5
LaTeX Font Info:    Redeclaring math symbol \hbar on input line 98.
LaTeX Font Info:    Overwriting math alphabet `\mathfrak' in version `bold'
(Font)                  U/euf/m/n --> U/euf/b/n on input line 106.
))
(C:\MikTeX\tex/latex/mathtools\mathtools.sty
Package: mathtools 2024/10/04 v1.31 mathematical typesetting tools

(C:\MikTeX\tex/latex/tools\calc.sty
Package: calc 2023/07/08 v4.3 Infix arithmetic (KKT,FJ)
\calc@Acount=\count276
\calc@Bcount=\count277
\calc@Adimen=\dimen153
\calc@Bdimen=\dimen154
\calc@Askip=\skip56
\calc@Bskip=\skip57
LaTeX Info: Redefining \setlength on input line 80.
LaTeX Info: Redefining \addtolength on input line 81.
\calc@Ccount=\count278
\calc@Cskip=\skip58
) (C:\MikTeX\tex/latex/mathtools\mhsetup.sty
Package: mhsetup 2021/03/18 v1.4 programming setup (MH)
)
\g_MT_multlinerow_int=\count279
\l_MT_multwidth_dim=\dimen155
\origjot=\skip59
\l_MT_shortvdotswithinadjustabove_dim=\dimen156
\l_MT_shortvdotswithinadjustbelow_dim=\dimen157
\l_MT_above_intertext_sep=\dimen158
\l_MT_below_intertext_sep=\dimen159
\l_MT_above_shortintertext_sep=\dimen160
\l_MT_below_shortintertext_sep=\dimen161
\xmathstrut@box=\box53
\xmathstrut@dim=\dimen162
) (C:\MikTeX\tex/latex/cases\cases.sty
Package: cases 2020/03/29 ver 3.2
\numc@numwid=\dimen163
)
(C:\MikTeX\tex/latex/hyperref\hyperref.sty
Package: hyperref 2023-11-26 v7.01g Hypertext links for LaTeX

(C:\MikTeX\tex/generic/iftex\iftex.sty
Package: iftex 2022/02/03 v1.0f TeX engine tests
)
(C:\MikTeX\tex/generic/infwarerr\infwarerr.sty
Package: infwarerr 2019/12/03 v1.5 Providing info/warning/error messages (HO)
)
(C:\MikTeX\tex/latex/kvsetkeys\kvsetkeys.sty
Package: kvsetkeys 2022-10-05 v1.19 Key value parser (HO)
)
(C:\MikTeX\tex/generic/kvdefinekeys\kvdefinekeys.sty
Package: kvdefinekeys 2019-12-19 v1.6 Define keys (HO)
)
(C:\MikTeX\tex/generic/pdfescape\pdfescape.sty
Package: pdfescape 2019/12/09 v1.15 Implements pdfTeX's escape features (HO)

(C:\MikTeX\tex/generic/ltxcmds\ltxcmds.sty
Package: ltxcmds 2023-12-04 v1.26 LaTeX kernel commands for general use (HO)
)
(C:\MikTeX\tex/generic/pdftexcmds\pdftexcmds.sty
Package: pdftexcmds 2020-06-27 v0.33 Utility functions of pdfTeX for LuaTeX (HO
)
Package pdftexcmds Info: \pdf@primitive is available.
Package pdftexcmds Info: \pdf@ifprimitive is available.
Package pdftexcmds Info: \pdfdraftmode found.
))
(C:\MikTeX\tex/latex/hycolor\hycolor.sty
Package: hycolor 2020-01-27 v1.10 Color options for hyperref/bookmark (HO)
)
(C:\MikTeX\tex/latex/letltxmacro\letltxmacro.sty
Package: letltxmacro 2019/12/03 v1.6 Let assignment for LaTeX macros (HO)
)
(C:\MikTeX\tex/latex/auxhook\auxhook.sty
Package: auxhook 2019-12-17 v1.6 Hooks for auxiliary files (HO)
)
(C:\MikTeX\tex/latex/hyperref\nameref.sty
Package: nameref 2023-11-26 v2.56 Cross-referencing by name of section

(C:\MikTeX\tex/latex/refcount\refcount.sty
Package: refcount 2019/12/15 v3.6 Data extraction from label references (HO)
)
(C:\MikTeX\tex/generic/gettitlestring\gettitlestring.sty
Package: gettitlestring 2019/12/15 v1.6 Cleanup title references (HO)

(C:\MikTeX\tex/latex/kvoptions\kvoptions.sty
Package: kvoptions 2022-06-15 v3.15 Key value format for package options (HO)
))
\c@section@level=\count280
)
(C:\MikTeX\tex/latex/etoolbox\etoolbox.sty
Package: etoolbox 2020/10/05 v2.5k e-TeX tools for LaTeX (JAW)
\etb@tempcnta=\count281
)
\@linkdim=\dimen164
\Hy@linkcounter=\count282
\Hy@pagecounter=\count283

(C:\MikTeX\tex/latex/hyperref\pd1enc.def
File: pd1enc.def 2023-11-26 v7.01g Hyperref: PDFDocEncoding definition (HO)
Now handling font encoding PD1 ...
... no UTF-8 mapping file for font encoding PD1
)
(C:\MikTeX\tex/generic/intcalc\intcalc.sty
Package: intcalc 2019/12/15 v1.3 Expandable calculations with integers (HO)
)
\Hy@SavedSpaceFactor=\count284

(C:\MikTeX\tex/latex/hyperref\puenc.def
File: puenc.def 2023-11-26 v7.01g Hyperref: PDF Unicode definition (HO)
Now handling font encoding PU ...
... no UTF-8 mapping file for font encoding PU
)
Package hyperref Info: Option `unicode' set `true' on input line 3167.
Package hyperref Info: Hyper figures OFF on input line 4181.
Package hyperref Info: Link nesting OFF on input line 4186.
Package hyperref Info: Hyper index ON on input line 4189.
Package hyperref Info: Plain pages OFF on input line 4196.
Package hyperref Info: Backreferencing OFF on input line 4201.
Package hyperref Info: Implicit mode ON; LaTeX internals redefined.
Package hyperref Info: Bookmarks ON on input line 4448.
\c@Hy@tempcnt=\count285
 (C:\MikTeX\tex/latex/url\url.sty
\Urlmuskip=\muskip17
Package: url 2013/09/16  ver 3.4  Verb mode for urls, etc.
)
LaTeX Info: Redefining \url on input line 4786.
\XeTeXLinkMargin=\dimen165

(C:\MikTeX\tex/generic/bitset\bitset.sty
Package: bitset 2019/12/09 v1.3 Handle bit-vector datatype (HO)

(C:\MikTeX\tex/generic/bigintcalc\bigintcalc.sty
Package: bigintcalc 2019/12/15 v1.5 Expandable calculations on big integers (HO
)
))
\Fld@menulength=\count286
\Field@Width=\dimen166
\Fld@charsize=\dimen167
Package hyperref Info: Hyper figures OFF on input line 6065.
Package hyperref Info: Link nesting OFF on input line 6070.
Package hyperref Info: Hyper index ON on input line 6073.
Package hyperref Info: backreferencing OFF on input line 6080.
Package hyperref Info: Link coloring OFF on input line 6085.
Package hyperref Info: Link coloring with OCG OFF on input line 6090.
Package hyperref Info: PDF/A mode OFF on input line 6095.

(C:\MikTeX\tex/latex/base\atbegshi-ltx.sty
Package: atbegshi-ltx 2021/01/10 v1.0c Emulation of the original atbegshi
package with kernel methods
)
\Hy@abspage=\count287
\c@Item=\count288
\c@Hfootnote=\count289
)
Package hyperref Info: Driver (autodetected): hpdftex.

(C:\MikTeX\tex/latex/hyperref\hpdftex.def
File: hpdftex.def 2023-11-26 v7.01g Hyperref driver for pdfTeX

(C:\MikTeX\tex/latex/base\atveryend-ltx.sty
Package: atveryend-ltx 2020/08/19 v1.0a Emulation of the original atveryend pac
kage
with kernel methods
)
\Fld@listcount=\count290
\c@bookmark@seq@number=\count291

(C:\MikTeX\tex/latex/rerunfilecheck\rerunfilecheck.sty
Package: rerunfilecheck 2022-07-10 v1.10 Rerun checks for auxiliary files (HO)

(C:\MikTeX\tex/generic/uniquecounter\uniquecounter.sty
Package: uniquecounter 2019/12/15 v1.4 Provide unlimited unique counter (HO)
)
Package uniquecounter Info: New unique counter `rerunfilecheck' on input line 2
85.
)
\Hy@SectionHShift=\skip60
)
(C:\MikTeX\tex/latex/tools\indentfirst.sty
Package: indentfirst 2023/07/02 v1.03 Indent first paragraph (DPC)
)
(C:\MikTeX\tex/latex/float\float.sty
Package: float 2001/11/08 v1.3d Float enhancements (AL)
\c@float@type=\count292
\float@exts=\toks31
\float@box=\box54
\@float@everytoks=\toks32
\@floatcapt=\box55
)
(C:\MikTeX\tex/latex/caption\subcaption.sty
Package: subcaption 2023/07/28 v1.6b Sub-captions (AR)

(C:\MikTeX\tex/latex/caption\caption.sty
Package: caption 2023/08/05 v3.6o Customizing captions (AR)

(C:\MikTeX\tex/latex/caption\caption3.sty
Package: caption3 2023/07/31 v2.4d caption3 kernel (AR)
\caption@tempdima=\dimen168
\captionmargin=\dimen169
\caption@leftmargin=\dimen170
\caption@rightmargin=\dimen171
\caption@width=\dimen172
\caption@indent=\dimen173
\caption@parindent=\dimen174
\caption@hangindent=\dimen175
Package caption Info: Standard document class detected.
)
\c@caption@flags=\count293
\c@continuedfloat=\count294
Package caption Info: float package is loaded.
Package caption Info: hyperref package is loaded.
)
Package caption Info: New subtype `subfigure' on input line 238.
\c@subfigure=\count295
Package caption Info: New subtype `subtable' on input line 238.
\c@subtable=\count296
)
(C:\MikTeX\tex/latex/tocloft\tocloft.sty
Package: tocloft 2017/08/31 v2.3i parameterised ToC, etc., typesetting
Package tocloft Info: The document has chapter divisions on input line 51.
\cftparskip=\skip61
\cftbeforetoctitleskip=\skip62
\cftaftertoctitleskip=\skip63
\cftbeforepartskip=\skip64
\cftpartnumwidth=\skip65
\cftpartindent=\skip66
\cftbeforechapskip=\skip67
\cftchapindent=\skip68
\cftchapnumwidth=\skip69
\cftbeforesecskip=\skip70
\cftsecindent=\skip71
\cftsecnumwidth=\skip72
\cftbeforesubsecskip=\skip73
\cftsubsecindent=\skip74
\cftsubsecnumwidth=\skip75
\cftbeforesubsubsecskip=\skip76
\cftsubsubsecindent=\skip77
\cftsubsubsecnumwidth=\skip78
\cftbeforeparaskip=\skip79
\cftparaindent=\skip80
\cftparanumwidth=\skip81
\cftbeforesubparaskip=\skip82
\cftsubparaindent=\skip83
\cftsubparanumwidth=\skip84
\cftbeforeloftitleskip=\skip85
\cftafterloftitleskip=\skip86
\cftbeforefigskip=\skip87
\cftfigindent=\skip88
\cftfignumwidth=\skip89
\c@lofdepth=\count297
\c@lotdepth=\count298
\cftbeforelottitleskip=\skip90
\cftafterlottitleskip=\skip91
\cftbeforetabskip=\skip92
\cfttabindent=\skip93
\cfttabnumwidth=\skip94
)
(C:\MikTeX\tex/latex/epstopdf-pkg\epstopdf.sty
Package: epstopdf 2020-01-24 v2.11 Conversion with epstopdf on the fly (HO)

(C:\MikTeX\tex/latex/grfext\grfext.sty
Package: grfext 2019/12/03 v1.3 Manage graphics extensions (HO)
)
(C:\MikTeX\tex/latex/epstopdf-pkg\epstopdf-base.sty
Package: epstopdf-base 2020-01-24 v2.11 Base part for package epstopdf
Package epstopdf-base Info: Redefining graphics rule for `.eps' on input line 4
85.
Package grfext Info: Graphics extension search list:
(grfext)             [.pdf,.png,.jpg,.mps,.jpeg,.jbig2,.jb2,.PDF,.PNG,.JPG,.JPE
G,.JBIG2,.JB2,.eps]
(grfext)             \AppendGraphicsExtensions on input line 504.

(C:\MikTeX\tex/latex/00miktex\epstopdf-sys.cfg
File: epstopdf-sys.cfg 2021/03/18 v2.0 Configuration of epstopdf for MiKTeX
)))
(C:\MikTeX\tex/latex/l3backend\l3backend-pdftex.def
File: l3backend-pdftex.def 2024-01-04 L3 backend support: PDF output (pdfTeX)
\l__color_backend_stack_int=\count299
\l__pdf_internal_box=\box56
)
(stochastic_math_modeling.aux)
\openout1 = `stochastic_math_modeling.aux'.

LaTeX Font Info:    Checking defaults for OML/cmm/m/it on input line 34.
LaTeX Font Info:    ... okay on input line 34.
LaTeX Font Info:    Checking defaults for OMS/cmsy/m/n on input line 34.
LaTeX Font Info:    ... okay on input line 34.
LaTeX Font Info:    Checking defaults for OT1/cmr/m/n on input line 34.
LaTeX Font Info:    ... okay on input line 34.
LaTeX Font Info:    Checking defaults for T1/cmr/m/n on input line 34.
LaTeX Font Info:    ... okay on input line 34.
LaTeX Font Info:    Checking defaults for TS1/cmr/m/n on input line 34.
LaTeX Font Info:    ... okay on input line 34.
LaTeX Font Info:    Checking defaults for OMX/cmex/m/n on input line 34.
LaTeX Font Info:    ... okay on input line 34.
LaTeX Font Info:    Checking defaults for U/cmr/m/n on input line 34.
LaTeX Font Info:    ... okay on input line 34.
LaTeX Font Info:    Checking defaults for T2A/cmr/m/n on input line 34.
LaTeX Font Info:    ... okay on input line 34.
LaTeX Font Info:    Checking defaults for PD1/pdf/m/n on input line 34.
LaTeX Font Info:    ... okay on input line 34.
LaTeX Font Info:    Checking defaults for PU/pdf/m/n on input line 34.
LaTeX Font Info:    ... okay on input line 34.
LaTeX Info: Redefining \th on input line 34.
 (C:\MikTeX\tex/context/base/mkii\supp-pdf.mkii
[Loading MPS to PDF converter (version 2006.09.02).]
\scratchcounter=\count300
\scratchdimen=\dimen176
\scratchbox=\box57
\nofMPsegments=\count301
\nofMParguments=\count302
\everyMPshowfont=\toks33
\MPscratchCnt=\count303
\MPscratchDim=\dimen177
\MPnumerator=\count304
\makeMPintoPDFobject=\count305
\everyMPtoPDFconversion=\toks34
)
Package hyperref Info: Link coloring OFF on input line 34.
 (stochastic_math_modeling.out) (stochastic_math_modeling.out)
\@outlinefile=\write3
\openout3 = `stochastic_math_modeling.out'.

Package caption Info: Begin \AtBeginDocument code.
Package caption Info: End \AtBeginDocument code.
Package epstopdf Info: Source file: <msu.eps>
(epstopdf)                    date: 2023-10-20 16:32:25
(epstopdf)                    size: 29500 bytes
(epstopdf)             Output file: <msu-eps-converted-to.pdf>
(epstopdf)                    date: 2024-12-04 23:31:51
(epstopdf)                    size: 3681 bytes
(epstopdf)             Command: <miktex-epstopdf-unrestricted --outfile=msu-eps
-converted-to.pdf msu.eps>
(epstopdf)             \includegraphics on input line 41.
Package epstopdf Info: Output file is already uptodate.


pdfTeX warning: pdflatex (file ./msu-eps-converted-to.pdf): PDF inclusion: foun
d PDF version <1.7>, but at most version <1.5> allowed
<msu-eps-converted-to.pdf, id=179, 187.70125pt x 101.37875pt>
File: msu-eps-converted-to.pdf Graphic file (type pdf)
<use msu-eps-converted-to.pdf>
Package pdftex.def Info: msu-eps-converted-to.pdf  used on input line 41.
(pdftex.def)             Requested size: 221.32687pt x 119.54852pt.
\c@theorem=\count306
\c@definition=\count307
\c@statement=\count308
[1

{C:/Users/arinenn/AppData/Local/MiKTeX/fonts/map/pdftex/pdftex.map} <./msu-eps-
converted-to.pdf>] (stochastic_math_modeling.toc
LaTeX Font Info:    Trying to load font information for U+msa on input line 2.

(C:\MikTeX\tex/latex/amsfonts\umsa.fd
File: umsa.fd 2013/01/14 v3.01 AMS symbols A
)
LaTeX Font Info:    Trying to load font information for U+msb on input line 2.
 (C:\MikTeX\tex/latex/amsfonts\umsb.fd
File: umsb.fd 2013/01/14 v3.01 AMS symbols B
)
[2])
\tf@toc=\write4
\openout4 = `stochastic_math_modeling.toc'.

 [3]
{\cyrillictext \CYRG \cyrl \cyra \cyrv \cyra } 1.
[4

]
Package epstopdf Info: Source file: <./images/bern.eps>
(epstopdf)                    date: 2024-12-05 12:43:20
(epstopdf)                    size: 22080 bytes
(epstopdf)             Output file: <./images/bern-eps-converted-to.pdf>
(epstopdf)                    date: 2024-12-16 12:04:41
(epstopdf)                    size: 12687 bytes
(epstopdf)             Command: <miktex-epstopdf-unrestricted --outfile=./image
s/bern-eps-converted-to.pdf ./images/bern.eps>
(epstopdf)             \includegraphics on input line 181.
Package epstopdf Info: Output file is already uptodate.


pdfTeX warning: pdflatex (file ./images/bern-eps-converted-to.pdf): PDF inclusi
on: found PDF version <1.7>, but at most version <1.5> allowed
<./images/bern-eps-converted-to.pdf, id=275, 650.43pt x 361.35pt>
File: ./images/bern-eps-converted-to.pdf Graphic file (type pdf)
<use ./images/bern-eps-converted-to.pdf>
Package pdftex.def Info: ./images/bern-eps-converted-to.pdf  used on input line
 181.
(pdftex.def)             Requested size: 398.38567pt x 221.32744pt.
[5]
Package epstopdf Info: Source file: <./images/bin-clt.eps>
(epstopdf)                    date: 2024-12-05 12:43:22
(epstopdf)                    size: 34453 bytes
(epstopdf)             Output file: <./images/bin-clt-eps-converted-to.pdf>
(epstopdf)                    date: 2024-12-16 12:04:43
(epstopdf)                    size: 18880 bytes
(epstopdf)             Command: <miktex-epstopdf-unrestricted --outfile=./image
s/bin-clt-eps-converted-to.pdf ./images/bin-clt.eps>
(epstopdf)             \includegraphics on input line 188.
Package epstopdf Info: Output file is already uptodate.


pdfTeX warning: pdflatex (file ./images/bin-clt-eps-converted-to.pdf): PDF incl
usion: found PDF version <1.7>, but at most version <1.5> allowed
<./images/bin-clt-eps-converted-to.pdf, id=286, 650.43pt x 361.35pt>
File: ./images/bin-clt-eps-converted-to.pdf Graphic file (type pdf)
<use ./images/bin-clt-eps-converted-to.pdf>
Package pdftex.def Info: ./images/bin-clt-eps-converted-to.pdf  used on input l
ine 188.
(pdftex.def)             Requested size: 398.38567pt x 221.32744pt.
[6 <./images/bern-eps-converted-to.pdf> <./images/bin-clt-eps-converted-to.pdf>
]
Package epstopdf Info: Source file: <./images/geom-memo.eps>
(epstopdf)                    date: 2024-12-05 12:43:38
(epstopdf)                    size: 37440 bytes
(epstopdf)             Output file: <./images/geom-memo-eps-converted-to.pdf>
(epstopdf)                    date: 2024-12-16 12:04:45
(epstopdf)                    size: 15425 bytes
(epstopdf)             Command: <miktex-epstopdf-unrestricted --outfile=./image
s/geom-memo-eps-converted-to.pdf ./images/geom-memo.eps>
(epstopdf)             \includegraphics on input line 243.
Package epstopdf Info: Output file is already uptodate.


pdfTeX warning: pdflatex (file ./images/geom-memo-eps-converted-to.pdf): PDF in
clusion: found PDF version <1.7>, but at most version <1.5> allowed
<./images/geom-memo-eps-converted-to.pdf, id=372, 650.43pt x 361.35pt>
File: ./images/geom-memo-eps-converted-to.pdf Graphic file (type pdf)
<use ./images/geom-memo-eps-converted-to.pdf>
Package pdftex.def Info: ./images/geom-memo-eps-converted-to.pdf  used on input
 line 243.
(pdftex.def)             Requested size: 398.38567pt x 221.32744pt.
[7] [8 <./images/geom-memo-eps-converted-to.pdf>]
Package epstopdf Info: Source file: <./images/coin-toss-dep.eps>
(epstopdf)                    date: 2024-12-05 13:13:06
(epstopdf)                    size: 29903 bytes
(epstopdf)             Output file: <./images/coin-toss-dep-eps-converted-to.pd
f>
(epstopdf)                    date: 2024-12-16 12:04:46
(epstopdf)                    size: 13566 bytes
(epstopdf)             Command: <miktex-epstopdf-unrestricted --outfile=./image
s/coin-toss-dep-eps-converted-to.pdf ./images/coin-toss-dep.eps>
(epstopdf)             \includegraphics on input line 296.
Package epstopdf Info: Output file is already uptodate.


pdfTeX warning: pdflatex (file ./images/coin-toss-dep-eps-converted-to.pdf): PD
F inclusion: found PDF version <1.7>, but at most version <1.5> allowed
<./images/coin-toss-dep-eps-converted-to.pdf, id=429, 650.43pt x 361.35pt>
File: ./images/coin-toss-dep-eps-converted-to.pdf Graphic file (type pdf)
<use ./images/coin-toss-dep-eps-converted-to.pdf>
Package pdftex.def Info: ./images/coin-toss-dep-eps-converted-to.pdf  used on i
nput line 296.
(pdftex.def)             Requested size: 398.38567pt x 221.32744pt.
Package epstopdf Info: Source file: <./images/coin-toss-clt.eps>
(epstopdf)                    date: 2024-12-05 13:11:33
(epstopdf)                    size: 34617 bytes
(epstopdf)             Output file: <./images/coin-toss-clt-eps-converted-to.pd
f>
(epstopdf)                    date: 2024-12-16 12:04:47
(epstopdf)                    size: 16611 bytes
(epstopdf)             Command: <miktex-epstopdf-unrestricted --outfile=./image
s/coin-toss-clt-eps-converted-to.pdf ./images/coin-toss-clt.eps>
(epstopdf)             \includegraphics on input line 303.
Package epstopdf Info: Output file is already uptodate.


pdfTeX warning: pdflatex (file ./images/coin-toss-clt-eps-converted-to.pdf): PD
F inclusion: found PDF version <1.7>, but at most version <1.5> allowed
<./images/coin-toss-clt-eps-converted-to.pdf, id=430, 650.43pt x 361.35pt>
File: ./images/coin-toss-clt-eps-converted-to.pdf Graphic file (type pdf)
<use ./images/coin-toss-clt-eps-converted-to.pdf>
Package pdftex.def Info: ./images/coin-toss-clt-eps-converted-to.pdf  used on i
nput line 303.
(pdftex.def)             Requested size: 398.38567pt x 221.32744pt.
[9 <./images/coin-toss-dep-eps-converted-to.pdf>] [10 <./images/coin-toss-clt-e
ps-converted-to.pdf>]
Package epstopdf Info: Source file: <./images/kantor-ecdf.eps>
(epstopdf)                    date: 2024-12-05 13:27:15
(epstopdf)                    size: 45380 bytes
(epstopdf)             Output file: <./images/kantor-ecdf-eps-converted-to.pdf>

(epstopdf)                    date: 2024-12-16 12:04:49
(epstopdf)                    size: 19759 bytes
(epstopdf)             Command: <miktex-epstopdf-unrestricted --outfile=./image
s/kantor-ecdf-eps-converted-to.pdf ./images/kantor-ecdf.eps>
(epstopdf)             \includegraphics on input line 344.
Package epstopdf Info: Output file is already uptodate.


pdfTeX warning: pdflatex (file ./images/kantor-ecdf-eps-converted-to.pdf): PDF 
inclusion: found PDF version <1.7>, but at most version <1.5> allowed
<./images/kantor-ecdf-eps-converted-to.pdf, id=517, 650.43pt x 361.35pt>
File: ./images/kantor-ecdf-eps-converted-to.pdf Graphic file (type pdf)
<use ./images/kantor-ecdf-eps-converted-to.pdf>
Package pdftex.def Info: ./images/kantor-ecdf-eps-converted-to.pdf  used on inp
ut line 344.
(pdftex.def)             Requested size: 398.38567pt x 221.32744pt.
[11 <./images/kantor-ecdf-eps-converted-to.pdf>]
Package epstopdf Info: Source file: <./images/kantor-symm-half.eps>
(epstopdf)                    date: 2024-12-05 13:40:59
(epstopdf)                    size: 49535 bytes
(epstopdf)             Output file: <./images/kantor-symm-half-eps-converted-to
.pdf>
(epstopdf)                    date: 2024-12-16 12:04:50
(epstopdf)                    size: 21554 bytes
(epstopdf)             Command: <miktex-epstopdf-unrestricted --outfile=./image
s/kantor-symm-half-eps-converted-to.pdf ./images/kantor-symm-half.eps>
(epstopdf)             \includegraphics on input line 405.
Package epstopdf Info: Output file is already uptodate.


pdfTeX warning: pdflatex (file ./images/kantor-symm-half-eps-converted-to.pdf):
 PDF inclusion: found PDF version <1.7>, but at most version <1.5> allowed
<./images/kantor-symm-half-eps-converted-to.pdf, id=562, 650.43pt x 361.35pt>
File: ./images/kantor-symm-half-eps-converted-to.pdf Graphic file (type pdf)
<use ./images/kantor-symm-half-eps-converted-to.pdf>
Package pdftex.def Info: ./images/kantor-symm-half-eps-converted-to.pdf  used o
n input line 405.
(pdftex.def)             Requested size: 398.38567pt x 221.32744pt.
[12]
Package epstopdf Info: Source file: <./images/kantor-symm-division.eps>
(epstopdf)                    date: 2024-12-05 13:40:31
(epstopdf)                    size: 53719 bytes
(epstopdf)             Output file: <./images/kantor-symm-division-eps-converte
d-to.pdf>
(epstopdf)                    date: 2024-12-16 12:04:51
(epstopdf)                    size: 23063 bytes
(epstopdf)             Command: <miktex-epstopdf-unrestricted --outfile=./image
s/kantor-symm-division-eps-converted-to.pdf ./images/kantor-symm-division.eps>
(epstopdf)             \includegraphics on input line 414.
Package epstopdf Info: Output file is already uptodate.


pdfTeX warning: pdflatex (file ./images/kantor-symm-division-eps-converted-to.p
df): PDF inclusion: found PDF version <1.7>, but at most version <1.5> allowed
<./images/kantor-symm-division-eps-converted-to.pdf, id=570, 650.43pt x 361.35p
t>
File: ./images/kantor-symm-division-eps-converted-to.pdf Graphic file (type pdf
)
<use ./images/kantor-symm-division-eps-converted-to.pdf>
Package pdftex.def Info: ./images/kantor-symm-division-eps-converted-to.pdf  us
ed on input line 414.
(pdftex.def)             Requested size: 398.38567pt x 221.32744pt.
[13 <./images/kantor-symm-half-eps-converted-to.pdf> <./images/kantor-symm-divi
sion-eps-converted-to.pdf>]
Package epstopdf Info: Source file: <./images/kantor-moments.eps>
(epstopdf)                    date: 2024-12-05 14:02:08
(epstopdf)                    size: 42896 bytes
(epstopdf)             Output file: <./images/kantor-moments-eps-converted-to.p
df>
(epstopdf)                    date: 2024-12-16 12:04:52
(epstopdf)                    size: 16304 bytes
(epstopdf)             Command: <miktex-epstopdf-unrestricted --outfile=./image
s/kantor-moments-eps-converted-to.pdf ./images/kantor-moments.eps>
(epstopdf)             \includegraphics on input line 471.
Package epstopdf Info: Output file is already uptodate.


pdfTeX warning: pdflatex (file ./images/kantor-moments-eps-converted-to.pdf): P
DF inclusion: found PDF version <1.7>, but at most version <1.5> allowed
<./images/kantor-moments-eps-converted-to.pdf, id=659, 867.24pt x 361.35pt>
File: ./images/kantor-moments-eps-converted-to.pdf Graphic file (type pdf)
<use ./images/kantor-moments-eps-converted-to.pdf>
Package pdftex.def Info: ./images/kantor-moments-eps-converted-to.pdf  used on 
input line 471.
(pdftex.def)             Requested size: 442.65375pt x 184.44044pt.
[14] [15 <./images/kantor-moments-eps-converted-to.pdf>]
Package epstopdf Info: Source file: <images/expo.eps>
(epstopdf)                    date: 2024-12-05 14:26:29
(epstopdf)                    size: 30486 bytes
(epstopdf)             Output file: <images/expo-eps-converted-to.pdf>
(epstopdf)                    date: 2024-12-16 12:06:20
(epstopdf)                    size: 18891 bytes
(epstopdf)             Command: <miktex-epstopdf-unrestricted --outfile=images/
expo-eps-converted-to.pdf images/expo.eps>
(epstopdf)             \includegraphics on input line 513.
Package epstopdf Info: Output file is already uptodate.


pdfTeX warning: pdflatex (file ./images/expo-eps-converted-to.pdf): PDF inclusi
on: found PDF version <1.7>, but at most version <1.5> allowed
<images/expo-eps-converted-to.pdf, id=711, 650.43pt x 361.35pt>
File: images/expo-eps-converted-to.pdf Graphic file (type pdf)
<use images/expo-eps-converted-to.pdf>
Package pdftex.def Info: images/expo-eps-converted-to.pdf  used on input line 5
13.
(pdftex.def)             Requested size: 398.38567pt x 221.32744pt.
Package epstopdf Info: Source file: <images/expo-memo.eps>
(epstopdf)                    date: 2024-12-05 14:27:47
(epstopdf)                    size: 30683 bytes
(epstopdf)             Output file: <images/expo-memo-eps-converted-to.pdf>
(epstopdf)                    date: 2024-12-16 12:06:22
(epstopdf)                    size: 16117 bytes
(epstopdf)             Command: <miktex-epstopdf-unrestricted --outfile=images/
expo-memo-eps-converted-to.pdf images/expo-memo.eps>
(epstopdf)             \includegraphics on input line 542.
Package epstopdf Info: Output file is already uptodate.


pdfTeX warning: pdflatex (file ./images/expo-memo-eps-converted-to.pdf): PDF in
clusion: found PDF version <1.7>, but at most version <1.5> allowed
<images/expo-memo-eps-converted-to.pdf, id=714, 650.43pt x 361.35pt>
File: images/expo-memo-eps-converted-to.pdf Graphic file (type pdf)
<use images/expo-memo-eps-converted-to.pdf>
Package pdftex.def Info: images/expo-memo-eps-converted-to.pdf  used on input l
ine 542.
(pdftex.def)             Requested size: 398.38567pt x 221.32744pt.
[16 <./images/expo-eps-converted-to.pdf>]
Package epstopdf Info: Source file: <images/min-expo.eps>
(epstopdf)                    date: 2024-12-05 14:45:23
(epstopdf)                    size: 34315 bytes
(epstopdf)             Output file: <images/min-expo-eps-converted-to.pdf>
(epstopdf)                    date: 2024-12-16 12:06:24
(epstopdf)                    size: 19806 bytes
(epstopdf)             Command: <miktex-epstopdf-unrestricted --outfile=images/
min-expo-eps-converted-to.pdf images/min-expo.eps>
(epstopdf)             \includegraphics on input line 569.
Package epstopdf Info: Output file is already uptodate.


pdfTeX warning: pdflatex (file ./images/min-expo-eps-converted-to.pdf): PDF inc
lusion: found PDF version <1.7>, but at most version <1.5> allowed
<images/min-expo-eps-converted-to.pdf, id=772, 650.43pt x 361.35pt>
File: images/min-expo-eps-converted-to.pdf Graphic file (type pdf)
<use images/min-expo-eps-converted-to.pdf>
Package pdftex.def Info: images/min-expo-eps-converted-to.pdf  used on input li
ne 569.
(pdftex.def)             Requested size: 398.38567pt x 221.32744pt.
[17 <./images/expo-memo-eps-converted-to.pdf>]
Package epstopdf Info: Source file: <images/poisson-expo.eps>
(epstopdf)                    date: 2024-12-05 14:57:29
(epstopdf)                    size: 31862 bytes
(epstopdf)             Output file: <images/poisson-expo-eps-converted-to.pdf>
(epstopdf)                    date: 2024-12-16 12:06:25
(epstopdf)                    size: 17068 bytes
(epstopdf)             Command: <miktex-epstopdf-unrestricted --outfile=images/
poisson-expo-eps-converted-to.pdf images/poisson-expo.eps>
(epstopdf)             \includegraphics on input line 598.
Package epstopdf Info: Output file is already uptodate.


pdfTeX warning: pdflatex (file ./images/poisson-expo-eps-converted-to.pdf): PDF
 inclusion: found PDF version <1.7>, but at most version <1.5> allowed
<images/poisson-expo-eps-converted-to.pdf, id=822, 650.43pt x 361.35pt>
File: images/poisson-expo-eps-converted-to.pdf Graphic file (type pdf)
<use images/poisson-expo-eps-converted-to.pdf>
Package pdftex.def Info: images/poisson-expo-eps-converted-to.pdf  used on inpu
t line 598.
(pdftex.def)             Requested size: 398.38567pt x 221.32744pt.
[18 <./images/min-expo-eps-converted-to.pdf>]
Package epstopdf Info: Source file: <images/poisson-bin.eps>
(epstopdf)                    date: 2024-12-16 11:48:57
(epstopdf)                    size: 27309 bytes
(epstopdf)             Output file: <images/poisson-bin-eps-converted-to.pdf>
(epstopdf)                    date: 2024-12-16 12:06:27
(epstopdf)                    size: 13693 bytes
(epstopdf)             Command: <miktex-epstopdf-unrestricted --outfile=images/
poisson-bin-eps-converted-to.pdf images/poisson-bin.eps>
(epstopdf)             \includegraphics on input line 627.
Package epstopdf Info: Output file is already uptodate.


pdfTeX warning: pdflatex (file ./images/poisson-bin-eps-converted-to.pdf): PDF 
inclusion: found PDF version <1.7>, but at most version <1.5> allowed
<images/poisson-bin-eps-converted-to.pdf, id=883, 650.43pt x 361.35pt>
File: images/poisson-bin-eps-converted-to.pdf Graphic file (type pdf)
<use images/poisson-bin-eps-converted-to.pdf>
Package pdftex.def Info: images/poisson-bin-eps-converted-to.pdf  used on input
 line 627.
(pdftex.def)             Requested size: 398.38567pt x 221.32744pt.
[19 <./images/poisson-expo-eps-converted-to.pdf>] [20 <./images/poisson-bin-eps
-converted-to.pdf>]
Package epstopdf Info: Source file: <images/norm-expo.eps>
(epstopdf)                    date: 2024-12-05 15:14:58
(epstopdf)                    size: 37849 bytes
(epstopdf)             Output file: <images/norm-expo-eps-converted-to.pdf>
(epstopdf)                    date: 2024-12-16 12:06:28
(epstopdf)                    size: 19407 bytes
(epstopdf)             Command: <miktex-epstopdf-unrestricted --outfile=images/
norm-expo-eps-converted-to.pdf images/norm-expo.eps>
(epstopdf)             \includegraphics on input line 696.
Package epstopdf Info: Output file is already uptodate.


pdfTeX warning: pdflatex (file ./images/norm-expo-eps-converted-to.pdf): PDF in
clusion: found PDF version <1.7>, but at most version <1.5> allowed
<images/norm-expo-eps-converted-to.pdf, id=981, 650.43pt x 361.35pt>
File: images/norm-expo-eps-converted-to.pdf Graphic file (type pdf)
<use images/norm-expo-eps-converted-to.pdf>
Package pdftex.def Info: images/norm-expo-eps-converted-to.pdf  used on input l
ine 696.
(pdftex.def)             Requested size: 398.38567pt x 221.32744pt.
[21] [22 <./images/norm-expo-eps-converted-to.pdf>] [23]
Package epstopdf Info: Source file: <images/cauchy-lack.eps>
(epstopdf)                    date: 2024-12-16 11:48:42
(epstopdf)                    size: 31561 bytes
(epstopdf)             Output file: <images/cauchy-lack-eps-converted-to.pdf>
(epstopdf)                    date: 2024-12-16 12:06:29
(epstopdf)                    size: 16971 bytes
(epstopdf)             Command: <miktex-epstopdf-unrestricted --outfile=images/
cauchy-lack-eps-converted-to.pdf images/cauchy-lack.eps>
(epstopdf)             \includegraphics on input line 794.
Package epstopdf Info: Output file is already uptodate.


pdfTeX warning: pdflatex (file ./images/cauchy-lack-eps-converted-to.pdf): PDF 
inclusion: found PDF version <1.7>, but at most version <1.5> allowed
<images/cauchy-lack-eps-converted-to.pdf, id=1054, 650.43pt x 361.35pt>
File: images/cauchy-lack-eps-converted-to.pdf Graphic file (type pdf)
<use images/cauchy-lack-eps-converted-to.pdf>
Package pdftex.def Info: images/cauchy-lack-eps-converted-to.pdf  used on input
 line 794.
(pdftex.def)             Requested size: 398.38567pt x 221.32744pt.
LaTeX Font Info:    Trying to load font information for T2A+cmtt on input line 
812.
(C:\MikTeX\tex/latex/cyrillic\t2acmtt.fd
File: t2acmtt.fd 2001/08/11 v1.0a Computer Modern Cyrillic font definitions
) [24 <./images/cauchy-lack-eps-converted-to.pdf>]
Package epstopdf Info: Source file: <images/norm-probplot.eps>
(epstopdf)                    date: 2024-12-16 16:00:39
(epstopdf)                    size: 208921 bytes
(epstopdf)             Output file: <images/norm-probplot-eps-converted-to.pdf>

(epstopdf)                    date: 2024-12-16 16:02:49
(epstopdf)                    size: 1226373 bytes
(epstopdf)             Command: <miktex-epstopdf-unrestricted --outfile=images/
norm-probplot-eps-converted-to.pdf images/norm-probplot.eps>
(epstopdf)             \includegraphics on input line 826.
Package epstopdf Info: Output file is already uptodate.


pdfTeX warning: pdflatex (file ./images/norm-probplot-eps-converted-to.pdf): PD
F inclusion: found PDF version <1.7>, but at most version <1.5> allowed
<images/norm-probplot-eps-converted-to.pdf, id=1105, 650.43pt x 361.35pt>
File: images/norm-probplot-eps-converted-to.pdf Graphic file (type pdf)
<use images/norm-probplot-eps-converted-to.pdf>
Package pdftex.def Info: images/norm-probplot-eps-converted-to.pdf  used on inp
ut line 826.
(pdftex.def)             Requested size: 398.38567pt x 221.32744pt.
Package epstopdf Info: Source file: <images/norm-times.eps>
(epstopdf)                    date: 2024-12-16 15:34:58
(epstopdf)                    size: 27578 bytes
(epstopdf)             Output file: <images/norm-times-eps-converted-to.pdf>
(epstopdf)                    date: 2024-12-16 15:45:23
(epstopdf)                    size: 15752 bytes
(epstopdf)             Command: <miktex-epstopdf-unrestricted --outfile=images/
norm-times-eps-converted-to.pdf images/norm-times.eps>
(epstopdf)             \includegraphics on input line 837.
Package epstopdf Info: Output file is already uptodate.


pdfTeX warning: pdflatex (file ./images/norm-times-eps-converted-to.pdf): PDF i
nclusion: found PDF version <1.7>, but at most version <1.5> allowed
<images/norm-times-eps-converted-to.pdf, id=1107, 650.43pt x 361.35pt>
File: images/norm-times-eps-converted-to.pdf Graphic file (type pdf)
<use images/norm-times-eps-converted-to.pdf>
Package pdftex.def Info: images/norm-times-eps-converted-to.pdf  used on input 
line 837.
(pdftex.def)             Requested size: 398.38567pt x 221.32744pt.
[25 <./images/norm-probplot-eps-converted-to.pdf>] [26 <./images/norm-times-eps
-converted-to.pdf>]
Package epstopdf Info: Source file: <images/norm-sum-mean.eps>
(epstopdf)                    date: 2024-12-16 15:40:32
(epstopdf)                    size: 90647 bytes
(epstopdf)             Output file: <images/norm-sum-mean-eps-converted-to.pdf>

(epstopdf)                    date: 2024-12-16 15:46:06
(epstopdf)                    size: 28522 bytes
(epstopdf)             Command: <miktex-epstopdf-unrestricted --outfile=images/
norm-sum-mean-eps-converted-to.pdf images/norm-sum-mean.eps>
(epstopdf)             \includegraphics on input line 879.
Package epstopdf Info: Output file is already uptodate.


pdfTeX warning: pdflatex (file ./images/norm-sum-mean-eps-converted-to.pdf): PD
F inclusion: found PDF version <1.7>, but at most version <1.5> allowed
<images/norm-sum-mean-eps-converted-to.pdf, id=1199, 650.43pt x 361.35pt>
File: images/norm-sum-mean-eps-converted-to.pdf Graphic file (type pdf)
<use images/norm-sum-mean-eps-converted-to.pdf>
Package pdftex.def Info: images/norm-sum-mean-eps-converted-to.pdf  used on inp
ut line 879.
(pdftex.def)             Requested size: 376.25838pt x 209.03728pt.
Package epstopdf Info: Source file: <images/norm-sum-std.eps>
(epstopdf)                    date: 2024-12-16 15:41:14
(epstopdf)                    size: 34292 bytes
(epstopdf)             Output file: <images/norm-sum-std-eps-converted-to.pdf>
(epstopdf)                    date: 2024-12-16 15:51:00
(epstopdf)                    size: 17357 bytes
(epstopdf)             Command: <miktex-epstopdf-unrestricted --outfile=images/
norm-sum-std-eps-converted-to.pdf images/norm-sum-std.eps>
(epstopdf)             \includegraphics on input line 886.
Package epstopdf Info: Output file is already uptodate.


pdfTeX warning: pdflatex (file ./images/norm-sum-std-eps-converted-to.pdf): PDF
 inclusion: found PDF version <1.7>, but at most version <1.5> allowed
<images/norm-sum-std-eps-converted-to.pdf, id=1200, 650.43pt x 361.35pt>
File: images/norm-sum-std-eps-converted-to.pdf Graphic file (type pdf)
<use images/norm-sum-std-eps-converted-to.pdf>
Package pdftex.def Info: images/norm-sum-std-eps-converted-to.pdf  used on inpu
t line 886.
(pdftex.def)             Requested size: 376.25838pt x 209.03728pt.
[27 <./images/norm-sum-mean-eps-converted-to.pdf> <./images/norm-sum-std-eps-co
nverted-to.pdf>]
Package epstopdf Info: Source file: <images/norm-mu-conf.eps>
(epstopdf)                    date: 2024-12-16 17:26:32
(epstopdf)                    size: 82323 bytes
(epstopdf)             Output file: <images/norm-mu-conf-eps-converted-to.pdf>
(epstopdf)                    date: 2024-12-16 17:27:21
(epstopdf)                    size: 28223 bytes
(epstopdf)             Command: <miktex-epstopdf-unrestricted --outfile=images/
norm-mu-conf-eps-converted-to.pdf images/norm-mu-conf.eps>
(epstopdf)             \includegraphics on input line 947.
Package epstopdf Info: Output file is already uptodate.
<images/norm-mu-conf-eps-converted-to.pdf, id=1289, 650.43pt x 361.35pt>
File: images/norm-mu-conf-eps-converted-to.pdf Graphic file (type pdf)
<use images/norm-mu-conf-eps-converted-to.pdf>
Package pdftex.def Info: images/norm-mu-conf-eps-converted-to.pdf  used on inpu
t line 947.
(pdftex.def)             Requested size: 398.38567pt x 221.32744pt.
 [28]
Package epstopdf Info: Source file: <images/norm-sigma-conf.eps>
(epstopdf)                    date: 2024-12-16 17:26:50
(epstopdf)                    size: 80477 bytes
(epstopdf)             Output file: <images/norm-sigma-conf-eps-converted-to.pd
f>
(epstopdf)                    date: 2024-12-16 17:27:22
(epstopdf)                    size: 28755 bytes
(epstopdf)             Command: <miktex-epstopdf-unrestricted --outfile=images/
norm-sigma-conf-eps-converted-to.pdf images/norm-sigma-conf.eps>
(epstopdf)             \includegraphics on input line 954.
Package epstopdf Info: Output file is already uptodate.
<images/norm-sigma-conf-eps-converted-to.pdf, id=1297, 650.43pt x 361.35pt>
File: images/norm-sigma-conf-eps-converted-to.pdf Graphic file (type pdf)
<use images/norm-sigma-conf-eps-converted-to.pdf>
Package pdftex.def Info: images/norm-sigma-conf-eps-converted-to.pdf  used on i
nput line 954.
(pdftex.def)             Requested size: 398.38567pt x 221.32744pt.
 [29 <./images/norm-mu-conf-eps-converted-to.pdf> <./images/norm-sigma-conf-eps
-converted-to.pdf>]
Package epstopdf Info: Source file: <images/cauchy-sum.eps>
(epstopdf)                    date: 2024-12-16 15:56:57
(epstopdf)                    size: 36642 bytes
(epstopdf)             Output file: <images/cauchy-sum-eps-converted-to.pdf>
(epstopdf)                    date: 2024-12-16 15:59:46
(epstopdf)                    size: 18058 bytes
(epstopdf)             Command: <miktex-epstopdf-unrestricted --outfile=images/
cauchy-sum-eps-converted-to.pdf images/cauchy-sum.eps>
(epstopdf)             \includegraphics on input line 1000.
Package epstopdf Info: Output file is already uptodate.


pdfTeX warning: pdflatex (file ./images/cauchy-sum-eps-converted-to.pdf): PDF i
nclusion: found PDF version <1.7>, but at most version <1.5> allowed
<images/cauchy-sum-eps-converted-to.pdf, id=1380, 650.43pt x 361.35pt>
File: images/cauchy-sum-eps-converted-to.pdf Graphic file (type pdf)
<use images/cauchy-sum-eps-converted-to.pdf>
Package pdftex.def Info: images/cauchy-sum-eps-converted-to.pdf  used on input 
line 1000.
(pdftex.def)             Requested size: 398.38567pt x 221.32744pt.
[30 <./images/cauchy-sum-eps-converted-to.pdf>] [31]
Package epstopdf Info: Source file: <images/integ-monte-carlo.eps>
(epstopdf)                    date: 2024-12-16 16:34:21
(epstopdf)                    size: 185929 bytes
(epstopdf)             Output file: <images/integ-monte-carlo-eps-converted-to.
pdf>
(epstopdf)                    date: 2024-12-16 16:34:49
(epstopdf)                    size: 62484 bytes
(epstopdf)             Command: <miktex-epstopdf-unrestricted --outfile=images/
integ-monte-carlo-eps-converted-to.pdf images/integ-monte-carlo.eps>
(epstopdf)             \includegraphics on input line 1114.
Package epstopdf Info: Output file is already uptodate.


pdfTeX warning: pdflatex (file ./images/integ-monte-carlo-eps-converted-to.pdf)
: PDF inclusion: found PDF version <1.7>, but at most version <1.5> allowed
<images/integ-monte-carlo-eps-converted-to.pdf, id=1441, 561.09625pt x 340.2712
6pt>
File: images/integ-monte-carlo-eps-converted-to.pdf Graphic file (type pdf)
<use images/integ-monte-carlo-eps-converted-to.pdf>
Package pdftex.def Info: images/integ-monte-carlo-eps-converted-to.pdf  used on
 input line 1114.
(pdftex.def)             Requested size: 398.38567pt x 241.59427pt.
[32]
Package epstopdf Info: Source file: <images/integ-rectangular.eps>
(epstopdf)                    date: 2024-12-16 16:34:32
(epstopdf)                    size: 110646 bytes
(epstopdf)             Output file: <images/integ-rectangular-eps-converted-to.
pdf>
(epstopdf)                    date: 2024-12-16 16:34:50
(epstopdf)                    size: 55805 bytes
(epstopdf)             Command: <miktex-epstopdf-unrestricted --outfile=images/
integ-rectangular-eps-converted-to.pdf images/integ-rectangular.eps>
(epstopdf)             \includegraphics on input line 1121.
Package epstopdf Info: Output file is already uptodate.


pdfTeX warning: pdflatex (file ./images/integ-rectangular-eps-converted-to.pdf)
: PDF inclusion: found PDF version <1.7>, but at most version <1.5> allowed
<images/integ-rectangular-eps-converted-to.pdf, id=1448, 566.115pt x 340.27126p
t>
File: images/integ-rectangular-eps-converted-to.pdf Graphic file (type pdf)
<use images/integ-rectangular-eps-converted-to.pdf>
Package pdftex.def Info: images/integ-rectangular-eps-converted-to.pdf  used on
 input line 1121.
(pdftex.def)             Requested size: 398.38567pt x 239.46031pt.
[33 <./images/integ-monte-carlo-eps-converted-to.pdf> <./images/integ-rectangul
ar-eps-converted-to.pdf>]
{\cyrillictext \CYRG \cyrl \cyra \cyrv \cyra } 2.
[34

] [35] [36] [37

] (stochastic_math_modeling.aux)
 ***********
LaTeX2e <2023-11-01> patch level 1
L3 programming layer <2024-01-04>
 ***********


LaTeX Warning: Label(s) may have changed. Rerun to get cross-references right.

Package rerunfilecheck Info: File `stochastic_math_modeling.out' has not change
d.
(rerunfilecheck)             Checksum: 9CD8A25370F9260306C5927F686BE8FE;12426.
 ) 
Here is how much of TeX's memory you used:
 15120 strings out of 474485
 241491 string characters out of 5760142
 1944542 words of memory out of 5000000
 37004 multiletter control sequences out of 15000+600000
 578610 words of font info for 80 fonts, out of 8000000 for 9000
 1141 hyphenation exceptions out of 8191
 75i,20n,79p,759b,653s stack positions out of 10000i,1000n,20000p,200000b,200000s
 <C:\Users\arinenn\AppData\Local\MiKTeX\fonts/pk/ljfour/lh/lh-t2a/dpi600\latt
1095.pk> <C:\Users\arinenn\AppData\Local\MiKTeX\fonts/pk/ljfour/jknappen/ec/dpi
600\tcrm1095.pk> <C:\Users\arinenn\AppData\Local\MiKTeX\fonts/pk/ljfour/lh/lh-t
2a/dpi600\lati1095.pk> <C:\Users\arinenn\AppData\Local\MiKTeX\fonts/pk/ljfour/l
h/lh-t2a/dpi600\labx1200.pk> <C:\Users\arinenn\AppData\Local\MiKTeX\fonts/pk/lj
four/lh/lh-t2a/dpi600\labx1440.pk> <C:\Users\arinenn\AppData\Local\MiKTeX\fonts
/pk/ljfour/lh/lh-t2a/dpi600\labx2074.pk> <C:\Users\arinenn\AppData\Local\MiKTeX
\fonts/pk/ljfour/lh/lh-t2a/dpi600\labx1095.pk> <C:\Users\arinenn\AppData\Local\
MiKTeX\fonts/pk/ljfour/lh/lh-t2a/dpi600\larm1200.pk> <C:\Users\arinenn\AppData\
Local\MiKTeX\fonts/pk/ljfour/lh/lh-t2a/dpi600\lati1200.pk> <C:\Users\arinenn\Ap
pData\Local\MiKTeX\fonts/pk/ljfour/lh/lh-t2a/dpi600\labx2488.pk> <C:\Users\arin
enn\AppData\Local\MiKTeX\fonts/pk/ljfour/lh/lh-t2a/dpi600\larm1728.pk> <C:\User
s\arinenn\AppData\Local\MiKTeX\fonts/pk/ljfour/lh/lh-t2a/dpi600\larm1095.pk> <C
:\Users\arinenn\AppData\Local\MiKTeX\fonts/pk/ljfour/lh/lh-t2a/dpi600\lacc1095.
pk><C:/MikTeX/fonts/type1/public/amsfonts/cm/cmex10.pfb><C:/MikTeX/fonts/type1/
public/amsfonts/cmextra/cmex8.pfb><C:/MikTeX/fonts/type1/public/amsfonts/cm/cmm
i10.pfb><C:/MikTeX/fonts/type1/public/amsfonts/cm/cmmi12.pfb><C:/MikTeX/fonts/t
ype1/public/amsfonts/cm/cmmi6.pfb><C:/MikTeX/fonts/type1/public/amsfonts/cm/cmm
i8.pfb><C:/MikTeX/fonts/type1/public/amsfonts/cm/cmr10.pfb><C:/MikTeX/fonts/typ
e1/public/amsfonts/cm/cmr12.pfb><C:/MikTeX/fonts/type1/public/amsfonts/cm/cmr6.
pfb><C:/MikTeX/fonts/type1/public/amsfonts/cm/cmr8.pfb><C:/MikTeX/fonts/type1/p
ublic/amsfonts/cm/cmsy10.pfb><C:/MikTeX/fonts/type1/public/amsfonts/cm/cmsy6.pf
b><C:/MikTeX/fonts/type1/public/amsfonts/cm/cmsy8.pfb><C:/MikTeX/fonts/type1/pu
blic/amsfonts/symbols/msam10.pfb><C:/MikTeX/fonts/type1/public/amsfonts/symbols
/msbm10.pfb>
Output written on stochastic_math_modeling.pdf (37 pages, 2229114 bytes).
PDF statistics:
 2089 PDF objects out of 2487 (max. 8388607)
 179 named destinations out of 1000 (max. 500000)
 483 words of extra memory for PDF output out of 10000 (max. 10000000)

