\BOOKMARK [0][-]{chapter.1}{\376\377\004\037\004\065\004\100\004\062\004\060\004\117\000\040\004\107\004\060\004\101\004\102\004\114\000\040\004\077\004\100\004\060\004\072\004\102\004\070\004\072\004\103\004\074\004\060}{}% 1
\BOOKMARK [1][-]{section.1.1}{\376\377\004\027\004\060\004\064\004\060\004\075\004\070\004\065\000\040\0001}{chapter.1}% 2
\BOOKMARK [2][-]{subsection.1.1.1}{\376\377\004\043\004\101\004\073\004\076\004\062\004\070\004\065}{section.1.1}% 3
\BOOKMARK [2][-]{subsection.1.1.2}{\376\377\004\023\004\065\004\075\004\065\004\100\004\060\004\102\004\076\004\100\004\113\000\040\004\101\004\105\004\065\004\074\004\113\000\040\004\021\004\065\004\100\004\075\004\103\004\073\004\073\004\070\000\040\004\070\000\040\004\061\004\070\004\075\004\076\004\074\004\070\004\060\004\073\004\114\004\075\004\076\004\063\004\076\000\040\004\100\004\060\004\101\004\077\004\100\004\065\004\064\004\065\004\073\004\065\004\075\004\070\004\117}{section.1.1}% 4
\BOOKMARK [2][-]{subsection.1.1.3}{\376\377\004\023\004\065\004\075\004\065\004\100\004\060\004\102\004\076\004\100\000\040\004\063\004\065\004\076\004\074\004\065\004\102\004\100\004\070\004\107\004\065\004\101\004\072\004\076\004\063\004\076\000\040\004\100\004\060\004\101\004\077\004\100\004\065\004\064\004\065\004\073\004\065\004\075\004\070\004\117}{section.1.1}% 5
\BOOKMARK [2][-]{subsection.1.1.4}{\376\377\004\030\004\063\004\100\004\060\000\040\004\062\000\040\004\076\004\100\004\073\004\117\004\075\004\072\004\103}{section.1.1}% 6
\BOOKMARK [1][-]{section.1.2}{\376\377\004\027\004\060\004\064\004\060\004\075\004\070\004\065\000\040\0002}{chapter.1}% 7
\BOOKMARK [2][-]{subsection.1.2.1}{\376\377\004\043\004\101\004\073\004\076\004\062\004\070\004\065}{section.1.2}% 8
\BOOKMARK [2][-]{subsection.1.2.2}{\376\377\004\023\004\065\004\075\004\065\004\100\004\060\004\102\004\076\004\100\000\040\004\072\004\060\004\075\004\102\004\076\004\100\004\076\004\062\004\076\004\063\004\076\000\040\004\100\004\060\004\101\004\077\004\100\004\065\004\064\004\065\004\073\004\065\004\075\004\070\004\117}{section.1.2}% 9
\BOOKMARK [2][-]{subsection.1.2.3}{\376\377\004\041\004\062\004\076\004\071\004\101\004\102\004\062\004\060\000\040\004\072\004\060\004\075\004\102\004\076\004\100\004\076\004\062\004\076\004\063\004\076\000\040\004\100\004\060\004\101\004\077\004\100\004\065\004\064\004\065\004\073\004\065\004\075\004\070\004\117}{section.1.2}% 10
\BOOKMARK [2][-]{subsection.1.2.4}{\376\377\004\047\004\070\004\101\004\073\004\065\004\075\004\075\004\113\004\065\000\040\004\105\004\060\004\100\004\060\004\072\004\102\004\065\004\100\004\070\004\101\004\102\004\070\004\072\004\070\000\040\004\072\004\060\004\075\004\102\004\076\004\100\004\076\004\062\004\076\004\063\004\076\000\040\004\100\004\060\004\101\004\077\004\100\004\065\004\064\004\065\004\073\004\065\004\075\004\070\004\117}{section.1.2}% 11
\BOOKMARK [1][-]{section.1.3}{\376\377\004\027\004\060\004\064\004\060\004\075\004\070\004\065\000\040\0003}{chapter.1}% 12
\BOOKMARK [2][-]{subsection.1.3.1}{\376\377\004\043\004\101\004\073\004\076\004\062\004\070\004\065}{section.1.3}% 13
\BOOKMARK [2][-]{subsection.1.3.2}{\376\377\004\023\004\065\004\075\004\065\004\100\004\060\004\102\004\076\004\100\000\040\004\115\004\072\004\101\004\077\004\076\004\075\004\065\004\075\004\106\004\070\004\060\004\073\004\114\004\075\004\076\004\063\004\076\000\040\004\100\004\060\004\101\004\077\004\100\004\065\004\064\004\065\004\073\004\065\004\075\004\070\004\117}{section.1.3}% 14
\BOOKMARK [2][-]{subsection.1.3.3}{\376\377\004\040\004\060\004\101\004\077\004\100\004\065\004\064\004\065\004\073\004\065\004\075\004\070\004\065\000\040\004\074\004\070\004\075\004\070\004\074\004\103\004\074\004\060\000\040\004\115\004\072\004\101\004\077\004\076\004\075\004\065\004\075\004\106\004\070\004\060\004\073\004\114\004\075\004\113\004\105\000\040\004\062\004\065\004\073\004\070\004\107\004\070\004\075}{section.1.3}% 15
\BOOKMARK [2][-]{subsection.1.3.4}{\376\377\004\023\004\065\004\075\004\065\004\100\004\060\004\102\004\076\004\100\000\040\004\077\004\103\004\060\004\101\004\101\004\076\004\075\004\076\004\062\004\101\004\072\004\076\004\063\004\076\000\040\004\100\004\060\004\101\004\077\004\100\004\065\004\064\004\065\004\073\004\065\004\075\004\070\004\117\000\040\000\050\004\107\004\065\004\100\004\065\004\067\000\040\004\063\000-\004\100\000\040\004\115\004\072\004\101\004\077\004\076\004\075\004\065\004\075\004\106\004\070\004\060\004\073\004\114\004\075\004\076\004\063\004\076\000\040\004\100\000-\004\117\000\051}{section.1.3}% 16
\BOOKMARK [2][-]{subsection.1.3.5}{\376\377\004\023\004\065\004\075\004\065\004\100\004\060\004\102\004\076\004\100\000\040\004\077\004\103\004\060\004\101\004\101\004\076\004\075\004\076\004\062\004\101\004\072\004\076\004\063\004\076\000\040\004\100\004\060\004\101\004\077\004\100\004\065\004\064\004\065\004\073\004\065\004\075\004\070\004\117\000\040\000\050\004\107\004\065\004\100\004\065\004\067\000\040\004\063\000-\004\100\000\040\004\061\004\070\004\075\004\076\004\074\004\070\004\060\004\073\004\114\004\075\004\076\004\063\004\076\000\040\004\100\000-\004\117\000\051}{section.1.3}% 17
\BOOKMARK [2][-]{subsection.1.3.6}{\376\377\004\023\004\065\004\075\004\065\004\100\004\060\004\102\004\076\004\100\000\040\004\101\004\102\004\060\004\075\004\064\004\060\004\100\004\102\004\075\004\076\004\063\004\076\000\040\004\075\004\076\004\100\004\074\004\060\004\073\004\114\004\075\004\076\004\063\004\076\000\040\004\100\004\060\004\101\004\077\004\100\004\065\004\064\004\065\004\073\004\065\004\075\004\070\004\117\000\040\000\050\004\077\004\100\004\065\004\076\004\061\004\100\004\060\004\067\004\076\004\062\004\060\004\075\004\070\004\065\000\040\004\021\004\076\004\072\004\101\004\060\000-\004\034\004\116\004\073\004\073\004\065\004\100\004\060\000\051}{section.1.3}% 18
\BOOKMARK [1][-]{section.1.4}{\376\377\004\027\004\060\004\064\004\060\004\075\004\070\004\065\000\040\0004}{chapter.1}% 19
\BOOKMARK [2][-]{subsection.1.4.1}{\376\377\004\043\004\101\004\073\004\076\004\062\004\070\004\065}{section.1.4}% 20
\BOOKMARK [2][-]{subsection.1.4.2}{\376\377\004\023\004\065\004\075\004\065\004\100\004\060\004\102\004\076\004\100\000\040\004\100\004\060\004\101\004\077\004\100\004\065\004\064\004\065\004\073\004\065\004\075\004\070\004\117\000\040\004\032\004\076\004\110\004\070}{section.1.4}% 21
\BOOKMARK [2][-]{subsection.1.4.3}{\376\377\004\023\004\065\004\075\004\065\004\100\004\060\004\102\004\076\004\100\000\040\004\101\004\102\004\060\004\075\004\064\004\060\004\100\004\102\004\075\004\076\004\063\004\076\000\040\004\075\004\076\004\100\004\074\004\060\004\073\004\114\004\075\004\076\004\063\004\076\000\040\004\100\004\060\004\101\004\077\004\100\004\065\004\064\004\065\004\073\004\065\004\075\004\070\004\117\000\040\000\050\004\107\004\065\004\100\004\065\004\067\000\040\004\063\000-\004\100\000\040\004\100\004\060\004\101\004\077\004\100\004\065\004\064\004\065\004\073\004\065\004\075\004\070\004\117\000\040\004\032\004\076\004\110\004\070\000\051}{section.1.4}% 22
\BOOKMARK [2][-]{subsection.1.4.4}{\376\377\004\041\004\100\004\060\004\062\004\075\004\065\004\075\004\070\004\065\000\040\004\101\004\072\004\076\004\100\004\076\004\101\004\102\004\070\000\040\004\101\004\105\004\076\004\064\004\070\004\074\004\076\004\101\004\102\004\070}{section.1.4}% 23
\BOOKMARK [1][-]{section.1.5}{\376\377\004\027\004\060\004\064\004\060\004\075\004\070\004\065\000\040\0005}{chapter.1}% 24
\BOOKMARK [2][-]{subsection.1.5.1}{\376\377\004\043\004\101\004\073\004\076\004\062\004\070\004\065}{section.1.5}% 25
\BOOKMARK [2][-]{subsection.1.5.2}{\376\377\004\041\004\077\004\100\004\060\004\062\004\065\004\064\004\073\004\070\004\062\004\076\004\101\004\102\004\114\000\040\004\102\004\065\004\076\004\100\004\065\004\074\004\113\000\040\004\076\000\040\004\027\004\021\004\047\000\040\004\070\000\040\004\046\004\037\004\042}{section.1.5}% 26
\BOOKMARK [2][-]{subsection.1.5.3}{\376\377\004\024\004\076\004\062\004\065\004\100\004\070\004\102\004\065\004\073\004\114\004\075\004\113\004\065\000\040\004\070\004\075\004\102\004\065\004\100\004\062\004\060\004\073\004\113\000\040\004\064\004\073\004\117\000\040\004\101\004\100\004\065\004\064\004\075\004\065\004\063\004\076\000\040\004\070\000\040\004\064\004\070\004\101\004\077\004\065\004\100\004\101\004\070\004\070}{section.1.5}% 27
\BOOKMARK [2][-]{subsection.1.5.4}{\376\377\004\040\004\060\004\101\004\077\004\100\004\065\004\064\004\065\004\073\004\065\004\075\004\070\004\065\000\040\004\101\004\103\004\074\004\074\004\113\000\040\004\115\004\073\004\065\004\074\004\065\004\075\004\102\004\076\004\062\000\040\004\100\004\060\004\101\004\077\004\100\004\065\004\064\004\065\004\073\004\065\004\075\004\070\004\117\000\040\004\032\004\076\004\110\004\070}{section.1.5}% 28
\BOOKMARK [1][-]{section.1.6}{\376\377\004\027\004\060\004\064\004\060\004\075\004\070\004\065\000\040\0006}{chapter.1}% 29
\BOOKMARK [2][-]{subsection.1.6.1}{\376\377\004\043\004\101\004\073\004\076\004\062\004\070\004\065}{section.1.6}% 30
\BOOKMARK [2][-]{subsection.1.6.2}{\376\377\004\022\004\113\004\107\004\070\004\101\004\073\004\065\004\075\004\070\004\065\000\040\004\070\004\075\004\102\004\065\004\063\004\100\004\060\004\073\004\060}{section.1.6}% 31
\BOOKMARK [2][-]{subsection.1.6.3}{\376\377\004\036\004\106\004\065\004\075\004\072\004\060\000\040\004\102\004\076\004\107\004\075\004\076\004\101\004\102\004\070\000\040\004\062\004\113\004\107\004\070\004\101\004\073\004\065\004\075\004\070\004\117}{section.1.6}% 32
\BOOKMARK [0][-]{chapter.2}{\376\377\004\022\004\102\004\076\004\100\004\060\004\117\000\040\004\107\004\060\004\101\004\102\004\114\000\040\004\077\004\100\004\060\004\072\004\102\004\070\004\072\004\103\004\074\004\060}{}% 33
\BOOKMARK [1][-]{section.2.1}{\376\377\004\027\004\060\004\064\004\060\004\075\004\070\004\065\000\040\0007}{chapter.2}% 34
\BOOKMARK [2][-]{subsection.2.1.1}{\376\377\004\043\004\101\004\073\004\076\004\062\004\070\004\065}{section.2.1}% 35
\BOOKMARK [2][-]{subsection.2.1.2}{\376\377\004\034\004\065\004\102\004\076\004\064\000\040\004\101\004\073\004\103\004\107\004\060\004\071\004\075\004\076\004\063\004\076\000\040\004\077\004\076\004\070\004\101\004\072\004\060}{section.2.1}% 36
\BOOKMARK [2][-]{subsection.2.1.3}{\376\377\004\034\004\065\004\102\004\076\004\064\000\040\004\070\004\074\004\070\004\102\004\060\004\106\004\070\004\070\000\040\004\076\004\102\004\066\004\070\004\063\004\060}{section.2.1}% 37
\BOOKMARK [1][-]{section.2.2}{\376\377\004\027\004\060\004\064\004\060\004\075\004\070\004\065\000\040\0008}{chapter.2}% 38
\BOOKMARK [2][-]{subsection.2.2.1}{\376\377\004\043\004\101\004\073\004\076\004\062\004\070\004\065}{section.2.2}% 39
\BOOKMARK [2][-]{subsection.2.2.2}{\376\377\004\034\004\065\004\102\004\076\004\064\000\040\004\034\004\076\004\075\004\102\004\065\000-\004\032\004\060\004\100\004\073\004\076\000\040\004\064\004\073\004\117\000\040\004\103\004\100\004\060\004\062\004\075\004\065\004\075\004\070\004\117\000\040\004\033\004\060\004\077\004\073\004\060\004\101\004\060}{section.2.2}% 40
\BOOKMARK [2][-]{subsection.2.2.3}{\376\377\004\041\004\100\004\060\004\062\004\075\004\065\004\075\004\070\004\065\000\040\004\107\004\070\004\101\004\073\004\065\004\075\004\075\004\076\004\063\004\076\000\040\004\100\004\065\004\067\004\103\004\073\004\114\004\102\004\060\004\102\004\060\000\040\004\101\000\040\004\060\004\075\004\060\004\073\004\070\004\102\004\070\004\107\004\065\004\101\004\072\004\070\004\074\000\040\004\100\004\065\004\110\004\065\004\075\004\070\004\065\004\074}{section.2.2}% 41
\BOOKMARK [1][-]{section.2.3}{\376\377\004\027\004\060\004\064\004\060\004\075\004\070\004\065\000\040\0009}{chapter.2}% 42
\BOOKMARK [2][-]{subsection.2.3.1}{\376\377\004\043\004\101\004\073\004\076\004\062\004\070\004\065}{section.2.3}% 43
\BOOKMARK [2][-]{subsection.2.3.2}{\376\377\004\042\004\065\004\076\004\100\004\065\004\102\004\070\004\107\004\065\004\101\004\072\004\070\004\065\000\040\004\062\004\113\004\072\004\073\004\060\004\064\004\072\004\070}{section.2.3}% 44
\BOOKMARK [2][-]{subsection.2.3.3}{\376\377\004\040\004\065\004\110\004\065\004\075\004\070\004\065\000\040\004\064\004\073\004\117\000\040\004\062\004\070\004\075\004\065\004\100\004\076\004\062\004\101\004\072\004\076\004\063\004\076\000\040\004\077\004\100\004\076\004\106\004\065\004\101\004\101\004\060}{section.2.3}% 45
\BOOKMARK [2][-]{subsection.2.3.4}{\376\377\004\040\004\065\004\110\004\065\004\075\004\070\004\065\000\040\004\064\004\073\004\117\000\040\004\077\004\100\004\076\004\106\004\065\004\101\004\101\004\060\000\040\004\036\004\100\004\075\004\110\004\102\004\065\004\071\004\075\004\060\000-\004\043\004\073\004\065\004\075\004\061\004\065\004\072\004\060}{section.2.3}% 46
\BOOKMARK [1][-]{section.2.4}{\376\377\004\027\004\060\004\064\004\060\004\075\004\070\004\065\000\040\0001\0000}{chapter.2}% 47
\BOOKMARK [2][-]{subsection.2.4.1}{\376\377\004\043\004\101\004\073\004\076\004\062\004\070\004\065}{section.2.4}% 48
\BOOKMARK [2][-]{subsection.2.4.2}{\376\377\004\042\004\065\004\076\004\100\004\065\004\102\004\070\004\107\004\065\004\101\004\072\004\070\004\065\000\040\004\062\004\113\004\072\004\073\004\060\004\064\004\072\004\070}{section.2.4}% 49
\BOOKMARK [1][-]{section.2.5}{\376\377\004\027\004\060\004\064\004\060\004\075\004\070\004\065\000\040\0001\0001}{chapter.2}% 50
\BOOKMARK [2][-]{subsection.2.5.1}{\376\377\004\043\004\101\004\073\004\076\004\062\004\070\004\065}{section.2.5}% 51
\BOOKMARK [2][-]{subsection.2.5.2}{\376\377\004\041\004\070\004\101\004\102\004\065\004\074\004\060\000\040\004\074\004\060\004\101\004\101\004\076\004\062\004\076\004\063\004\076\000\040\004\076\004\061\004\101\004\073\004\103\004\066\004\070\004\062\004\060\004\075\004\070\004\117\000\040\000\050\004\041\004\034\004\036\000\051}{section.2.5}% 52
\BOOKMARK [2][-]{subsection.2.5.3}{\376\377\004\041\004\034\004\036\000\040\004\101\000\040\004\106\004\070\004\072\004\073\004\070\004\107\004\065\004\101\004\072\004\076\004\071\000\040\004\070\004\075\004\102\004\065\004\075\004\101\004\070\004\062\004\075\004\076\004\101\004\102\004\114\004\116}{section.2.5}% 53
\BOOKMARK [2][-]{subsection.2.5.4}{\376\377\004\034\004\076\004\064\004\065\004\073\004\070\004\100\004\076\004\062\004\060\004\075\004\070\004\065\000\040\004\101\004\102\004\100\004\060\004\105\004\076\004\062\004\076\004\071\000\040\004\072\004\076\004\074\004\077\004\060\004\075\004\070\004\070}{section.2.5}% 54
